Using pre-set license
Built from '2020.3/staging' branch; Version is '2020.3.28f1 (f5400f52e03f) revision 16072719'; Using compiler version '192528614'; Build Type 'Release'
OS: 'Windows 10  (10.0.19043) 64bit Professional' Language: 'pt' Physical Memory: 8113 MB
BatchMode: 1, IsHumanControllingUs: 0, StartBugReporterOnCrash: 0, Is64bit: 1, IsPro: 0

COMMAND LINE ARGUMENTS:
C:\Program Files\Unity\Hub\Editor\2020.3.28f1\Editor\Unity.exe
-adb2
-batchMode
-noUpm
-name
AssetImportWorker0
-projectPath
C:/Users/Edson/Desktop/Jogos/RPG3D
-logFile
Logs/AssetImportWorker0.log
-srvPort
53245
Successfully changed project path to: C:/Users/Edson/Desktop/Jogos/RPG3D
C:/Users/Edson/Desktop/Jogos/RPG3D
Using Asset Import Pipeline V2.
Refreshing native plugins compatible for Editor in 53.79 ms, found 2 plugins.
Preloading 0 native plugins for Editor in 0.00 ms.
Initialize engine version: 2020.3.28f1 (f5400f52e03f)
[Subsystems] Discovering subsystems at path C:/Program Files/Unity/Hub/Editor/2020.3.28f1/Editor/Data/Resources/UnitySubsystems
[Subsystems] Discovering subsystems at path C:/Users/Edson/Desktop/Jogos/RPG3D/Assets
GfxDevice: creating device client; threaded=0
Direct3D:
    Version:  Direct3D 11.0 [level 11.1]
    Renderer: Intel(R) HD Graphics (ID=0x402)
    Vendor:   
    VRAM:     2048 MB
    Driver:   20.19.15.4624
Initialize mono
Mono path[0] = 'C:/Program Files/Unity/Hub/Editor/2020.3.28f1/Editor/Data/Managed'
Mono path[1] = 'C:/Program Files/Unity/Hub/Editor/2020.3.28f1/Editor/Data/MonoBleedingEdge/lib/mono/unityjit'
Mono config path = 'C:/Program Files/Unity/Hub/Editor/2020.3.28f1/Editor/Data/MonoBleedingEdge/etc'
Using monoOptions --debugger-agent=transport=dt_socket,embedding=1,server=y,suspend=n,address=127.0.0.1:56944
Begin MonoManager ReloadAssembly
Registering precompiled unity dll's ...
Register platform support module: C:/Program Files/Unity/Hub/Editor/2020.3.28f1/Editor/Data/PlaybackEngines/WindowsStandaloneSupport/UnityEditor.WindowsStandalone.Extensions.dll
Registered in 0.002668 seconds.
Native extension for WindowsStandalone target not found
Refreshing native plugins compatible for Editor in 48.91 ms, found 2 plugins.
Preloading 0 native plugins for Editor in 0.00 ms.
Mono: successfully reloaded assembly
- Completed reload, in  0.881 seconds
Domain Reload Profiling:
	ReloadAssembly (881ms)
		BeginReloadAssembly (93ms)
			ExecutionOrderSort (0ms)
			DisableScriptedObjects (0ms)
			BackupInstance (0ms)
			ReleaseScriptingObjects (0ms)
			CreateAndSetChildDomain (1ms)
		EndReloadAssembly (684ms)
			LoadAssemblies (90ms)
			RebuildTransferFunctionScriptingTraits (0ms)
			SetupTypeCache (250ms)
			ReleaseScriptCaches (0ms)
			RebuildScriptCaches (42ms)
			SetupLoadedEditorAssemblies (230ms)
				LogAssemblyErrors (0ms)
				InitializePlatformSupportModulesInManaged (7ms)
				SetLoadedEditorAssemblies (0ms)
				RefreshPlugins (49ms)
				BeforeProcessingInitializeOnLoad (11ms)
				ProcessInitializeOnLoadAttributes (121ms)
				ProcessInitializeOnLoadMethodAttributes (42ms)
				AfterProcessingInitializeOnLoad (0ms)
				EditorAssembliesLoaded (0ms)
			ExecutionOrderSort2 (0ms)
			AwakeInstancesAfterBackupRestoration (0ms)
Platform modules already initialized, skipping
Registering precompiled user dll's ...
Registered in 0.006913 seconds.
Begin MonoManager ReloadAssembly
Native extension for WindowsStandalone target not found
Refreshing native plugins compatible for Editor in 0.48 ms, found 2 plugins.
Preloading 0 native plugins for Editor in 0.00 ms.
Mono: successfully reloaded assembly
- Completed reload, in  1.472 seconds
Domain Reload Profiling:
	ReloadAssembly (1473ms)
		BeginReloadAssembly (223ms)
			ExecutionOrderSort (0ms)
			DisableScriptedObjects (7ms)
			BackupInstance (0ms)
			ReleaseScriptingObjects (0ms)
			CreateAndSetChildDomain (27ms)
		EndReloadAssembly (1163ms)
			LoadAssemblies (134ms)
			RebuildTransferFunctionScriptingTraits (0ms)
			SetupTypeCache (420ms)
			ReleaseScriptCaches (1ms)
			RebuildScriptCaches (57ms)
			SetupLoadedEditorAssemblies (426ms)
				LogAssemblyErrors (0ms)
				InitializePlatformSupportModulesInManaged (6ms)
				SetLoadedEditorAssemblies (1ms)
				RefreshPlugins (1ms)
				BeforeProcessingInitializeOnLoad (75ms)
				ProcessInitializeOnLoadAttributes (320ms)
				ProcessInitializeOnLoadMethodAttributes (14ms)
				AfterProcessingInitializeOnLoad (9ms)
				EditorAssembliesLoaded (0ms)
			ExecutionOrderSort2 (0ms)
			AwakeInstancesAfterBackupRestoration (9ms)
Platform modules already initialized, skipping
========================================================================
Worker process is ready to serve import requests
Launched and connected shader compiler UnityShaderCompiler.exe after 0.11 seconds
Refreshing native plugins compatible for Editor in 0.51 ms, found 2 plugins.
Preloading 0 native plugins for Editor in 0.00 ms.
Unloading 1512 Unused Serialized files (Serialized files now loaded: 0)
System memory in use before: 82.1 MB.
System memory in use after: 82.2 MB.

Unloading 19 unused Assets to reduce memory usage. Loaded Objects now: 1963.
Total: 3.966300 ms (FindLiveObjects: 0.177100 ms CreateObjectMapping: 0.093600 ms MarkObjects: 3.574300 ms  DeleteObjects: 0.119400 ms)

AssetImportParameters requested are different than current active one (requested -> active):
  custom:framework-win-MediaFoundation: 216162199b28c13a410421893ffa2e32 -> 
  custom:video-decoder-ogg-theora: a1e56fd34408186e4bbccfd4996cb3dc -> 
  custom:container-muxer-webm: aa71ff27fc2769a1b78a27578f13a17b -> 
  custom:container-demuxer-webm: 4f35f7cbe854078d1ac9338744f61a02 -> 
  custom:container-demuxer-ogg: 62fdf1f143b41e24485cea50d1cbac27 -> 
  custom:video-encoder-webm-vp8: eb34c28f22e8b96e1ab97ce403110664 -> 
  custom:video-decoder-webm-vp8: 9c59270c3fd7afecdb556c50c9e8de78 -> 
  custom:audio-decoder-ogg-vorbis: bf7c407c2cedff20999df2af8eb42d56 -> 
  custom:audio-encoder-webm-vorbis: bf7c407c2cedff20999df2af8eb42d56 -> 
========================================================================
Received Import Request.
  path: Assets/3rdPerson+Fly/Materials/env_Gold.mat
  artifactKey: Guid(493ecae6230b81b4385325e84dfc198e) Importer(815301076,1909f56bfc062723c751e8b465ee728b)
Start importing Assets/3rdPerson+Fly/Materials/env_Gold.mat using Guid(493ecae6230b81b4385325e84dfc198e) Importer(815301076,1909f56bfc062723c751e8b465ee728b)  -> (artifact id: 'fbecbfb67689b2c63670520897835bf5') in 0.381833 seconds 
  Import took 0.385516 seconds .

========================================================================
Received Import Request.
  Time since last request: 0.000293 seconds.
  path: Assets/3rdPerson+Fly/Materials/env_Fence.mat
  artifactKey: Guid(fa505519e7f70e74d83de9fa8e285ff4) Importer(815301076,1909f56bfc062723c751e8b465ee728b)
Start importing Assets/3rdPerson+Fly/Materials/env_Fence.mat using Guid(fa505519e7f70e74d83de9fa8e285ff4) Importer(815301076,1909f56bfc062723c751e8b465ee728b)  -> (artifact id: '7c87449f2491bd3a57e5460f0fdf5fcd') in 0.222527 seconds 
  Import took 0.226116 seconds .

========================================================================
Received Import Request.
  Time since last request: 0.000285 seconds.
  path: Assets/3rdPerson+Fly/Materials/char_shadow.mat
  artifactKey: Guid(d4b9a00252f83864d8a5ea8767ad6894) Importer(815301076,1909f56bfc062723c751e8b465ee728b)
Start importing Assets/3rdPerson+Fly/Materials/char_shadow.mat using Guid(d4b9a00252f83864d8a5ea8767ad6894) Importer(815301076,1909f56bfc062723c751e8b465ee728b)  -> (artifact id: '78217e099779a8624d8a0f465631da6a') in 0.092701 seconds 
  Import took 0.097917 seconds .

========================================================================
Received Import Request.
  Time since last request: 0.000343 seconds.
  path: Assets/3rdPerson+Fly/Materials/env_GoldTile.mat
  artifactKey: Guid(0d2e318bf98ad6144ae3ced352c1962c) Importer(815301076,1909f56bfc062723c751e8b465ee728b)
Start importing Assets/3rdPerson+Fly/Materials/env_GoldTile.mat using Guid(0d2e318bf98ad6144ae3ced352c1962c) Importer(815301076,1909f56bfc062723c751e8b465ee728b)  -> (artifact id: 'fd5cc859eb6dc6d8bcc826b46c7fc34e') in 0.081667 seconds 
  Import took 0.086358 seconds .

========================================================================
Received Import Request.
  Time since last request: 0.000279 seconds.
  path: Assets/3rdPerson+Fly/Materials/env_InnerRing.mat
  artifactKey: Guid(2a5567d14decdf744a0a4ba82ae38334) Importer(815301076,1909f56bfc062723c751e8b465ee728b)
Start importing Assets/3rdPerson+Fly/Materials/env_InnerRing.mat using Guid(2a5567d14decdf744a0a4ba82ae38334) Importer(815301076,1909f56bfc062723c751e8b465ee728b)  -> (artifact id: 'b5ad12deff2e6cee70023920c0c16b2f') in 0.199428 seconds 
  Import took 0.203989 seconds .

========================================================================
Received Import Request.
  Time since last request: 0.000067 seconds.
  path: Assets/3rdPerson+Fly/Materials/env_RedTile.mat
  artifactKey: Guid(0be8db44e223e8d4f8d86c944d88bca4) Importer(815301076,1909f56bfc062723c751e8b465ee728b)
Start importing Assets/3rdPerson+Fly/Materials/env_RedTile.mat using Guid(0be8db44e223e8d4f8d86c944d88bca4) Importer(815301076,1909f56bfc062723c751e8b465ee728b)  -> (artifact id: '3ba7b235a04ea660b5729f0c0e17fbcc') in 0.144607 seconds 
  Import took 0.195903 seconds .

========================================================================
Received Import Request.
  Time since last request: 0.055350 seconds.
  path: Assets/3rdPerson+Fly/Materials/env_DarkTile.mat
  artifactKey: Guid(4d42b08d761358e49b969b4f3136ec7d) Importer(815301076,1909f56bfc062723c751e8b465ee728b)
Start importing Assets/3rdPerson+Fly/Materials/env_DarkTile.mat using Guid(4d42b08d761358e49b969b4f3136ec7d) Importer(815301076,1909f56bfc062723c751e8b465ee728b)  -> (artifact id: '4f9db6930b30d3ca4ffb265d9f25c500') in 0.072494 seconds 
  Import took 0.079948 seconds .

========================================================================
Received Prepare
Registering precompiled user dll's ...
Registered in 0.007732 seconds.
Begin MonoManager ReloadAssembly
Native extension for WindowsStandalone target not found
Refreshing native plugins compatible for Editor in 0.59 ms, found 2 plugins.
Preloading 0 native plugins for Editor in 0.00 ms.
Mono: successfully reloaded assembly
- Completed reload, in  2.390 seconds
Domain Reload Profiling:
	ReloadAssembly (2392ms)
		BeginReloadAssembly (459ms)
			ExecutionOrderSort (0ms)
			DisableScriptedObjects (26ms)
			BackupInstance (0ms)
			ReleaseScriptingObjects (0ms)
			CreateAndSetChildDomain (228ms)
		EndReloadAssembly (1802ms)
			LoadAssemblies (226ms)
			RebuildTransferFunctionScriptingTraits (0ms)
			SetupTypeCache (650ms)
			ReleaseScriptCaches (5ms)
			RebuildScriptCaches (88ms)
			SetupLoadedEditorAssemblies (664ms)
				LogAssemblyErrors (0ms)
				InitializePlatformSupportModulesInManaged (9ms)
				SetLoadedEditorAssemblies (1ms)
				RefreshPlugins (1ms)
				BeforeProcessingInitializeOnLoad (143ms)
				ProcessInitializeOnLoadAttributes (473ms)
				ProcessInitializeOnLoadMethodAttributes (19ms)
				AfterProcessingInitializeOnLoad (18ms)
				EditorAssembliesLoaded (0ms)
			ExecutionOrderSort2 (0ms)
			AwakeInstancesAfterBackupRestoration (14ms)
Platform modules already initialized, skipping
Refreshing native plugins compatible for Editor in 0.57 ms, found 2 plugins.
Preloading 0 native plugins for Editor in 0.00 ms.
Unloading 1506 Unused Serialized files (Serialized files now loaded: 0)
System memory in use before: 85.5 MB.
System memory in use after: 85.6 MB.

Unloading 14 unused Assets to reduce memory usage. Loaded Objects now: 2007.
Total: 5.194500 ms (FindLiveObjects: 0.358200 ms CreateObjectMapping: 0.247100 ms MarkObjects: 4.549600 ms  DeleteObjects: 0.036700 ms)

AssetImportParameters requested are different than current active one (requested -> active):
  custom:framework-win-MediaFoundation: 216162199b28c13a410421893ffa2e32 -> 
  custom:video-decoder-ogg-theora: a1e56fd34408186e4bbccfd4996cb3dc -> 
  custom:container-muxer-webm: aa71ff27fc2769a1b78a27578f13a17b -> 
  custom:container-demuxer-webm: 4f35f7cbe854078d1ac9338744f61a02 -> 
  custom:container-demuxer-ogg: 62fdf1f143b41e24485cea50d1cbac27 -> 
  custom:video-encoder-webm-vp8: eb34c28f22e8b96e1ab97ce403110664 -> 
  custom:video-decoder-webm-vp8: 9c59270c3fd7afecdb556c50c9e8de78 -> 
  custom:audio-decoder-ogg-vorbis: bf7c407c2cedff20999df2af8eb42d56 -> 
  custom:audio-encoder-webm-vorbis: bf7c407c2cedff20999df2af8eb42d56 -> 
AssetImportWorkerClient::OnTransportError - code=2 error=End of file
